<?xml version="1.0" encoding="UTF-8"?>
<testsuite name="DecryptionTest" tests="4" skipped="0" failures="0" errors="0" timestamp="2021-09-04T22:52:50" hostname="chepkemoi-HP-Laptop-15-bs0xx" time="0.067">
  <properties/>
  <testcase name="newDecryption_getsDecryptedText()" classname="DecryptionTest" time="0.058"/>
  <testcase name="newDecryption_testDecryption()" classname="DecryptionTest" time="0.001"/>
  <testcase name="newDecryption_getsShift()" classname="DecryptionTest" time="0.001"/>
  <testcase name="newDecryption_getsCipherText()" classname="DecryptionTest" time="0.001"/>
  <system-out><![CDATA[]]></system-out>
  <system-err><![CDATA[]]></system-err>
</testsuite>
