<?xml version="1.0" encoding="UTF-8"?>
<testsuite name="DecryptionTest" tests="1" skipped="0" failures="0" errors="0" timestamp="2021-09-04T22:00:55" hostname="chepkemoi-HP-Laptop-15-bs0xx" time="0.071">
  <properties/>
  <testcase name="newDecryption_testDecryption()" classname="DecryptionTest" time="0.071"/>
  <system-out><![CDATA[]]></system-out>
  <system-err><![CDATA[]]></system-err>
</testsuite>
