<?xml version="1.0" encoding="UTF-8"?>
<testsuite name="EncryptionTest" tests="1" skipped="0" failures="0" errors="0" timestamp="2021-09-05T11:04:15" hostname="chepkemoi-HP-Laptop-15-bs0xx" time="0.086">
  <properties/>
  <testcase name="newEncryption_getEncryptedText()" classname="EncryptionTest" time="0.086"/>
  <system-out><![CDATA[]]></system-out>
  <system-err><![CDATA[]]></system-err>
</testsuite>
