<?xml version="1.0" encoding="UTF-8"?>
<testsuite name="EncryptionTest" tests="3" skipped="0" failures="0" errors="0" timestamp="2021-09-05T22:11:06" hostname="chepkemoi-HP-Laptop-15-bs0xx" time="0.162">
  <properties/>
  <testcase name="newEncryption_getsShift()" classname="EncryptionTest" time="0.12"/>
  <testcase name="newEncryption_getsPlainText()" classname="EncryptionTest" time="0.005"/>
  <testcase name="newEncryption_testEncryption()" classname="EncryptionTest" time="0.024"/>
  <system-out><![CDATA[]]></system-out>
  <system-err><![CDATA[]]></system-err>
</testsuite>
