<?xml version="1.0" encoding="UTF-8"?>
<testsuite name="EncryptionTest" tests="3" skipped="0" failures="0" errors="0" timestamp="2021-09-05T21:54:10" hostname="chepkemoi-HP-Laptop-15-bs0xx" time="0.037">
  <properties/>
  <testcase name="newEncryption_getsShift()" classname="EncryptionTest" time="0.026"/>
  <testcase name="newEncryption_getsPlainText()" classname="EncryptionTest" time="0.002"/>
  <testcase name="newEncryption_testEncryption()" classname="EncryptionTest" time="0.006"/>
  <system-out><![CDATA[]]></system-out>
  <system-err><![CDATA[]]></system-err>
</testsuite>
