<?xml version="1.0" encoding="UTF-8"?>
<testsuite name="EncryptionTest" tests="4" skipped="0" failures="0" errors="0" timestamp="2021-09-04T21:51:43" hostname="chepkemoi-HP-Laptop-15-bs0xx" time="0.077">
  <properties/>
  <testcase name="newEncryption_getsShift()" classname="EncryptionTest" time="0.032"/>
  <testcase name="newEncryption_getEncryptedText()" classname="EncryptionTest" time="0.034"/>
  <testcase name="newEncryption_getsPlainText()" classname="EncryptionTest" time="0.002"/>
  <testcase name="newEncryption_testEncryption()" classname="EncryptionTest" time="0.002"/>
  <system-out><![CDATA[]]></system-out>
  <system-err><![CDATA[]]></system-err>
</testsuite>
